[debug] [2020-07-18T17:41:11.910Z] ----------------------------------------------------------------------
[debug] [2020-07-18T17:41:11.912Z] Command:       /usr/local/bin/node /Users/Ryan/.config/yarn/global/node_modules/.bin/firebase emulators:start
[debug] [2020-07-18T17:41:11.913Z] CLI Version:   8.5.0
[debug] [2020-07-18T17:41:11.913Z] Platform:      darwin
[debug] [2020-07-18T17:41:11.913Z] Node Version:  v10.21.0
[debug] [2020-07-18T17:41:11.914Z] Time:          Sat Jul 18 2020 11:41:11 GMT-0600 (Mountain Daylight Time)
[debug] [2020-07-18T17:41:11.914Z] ----------------------------------------------------------------------
[debug] [2020-07-18T17:41:11.914Z] 
[debug] [2020-07-18T17:41:11.927Z] > command requires scopes: ["email","openid","https://www.googleapis.com/auth/cloudplatformprojects.readonly","https://www.googleapis.com/auth/firebase","https://www.googleapis.com/auth/cloud-platform"]
[debug] [2020-07-18T17:41:11.928Z] > authorizing via signed-in user
[info] i  emulators: Starting emulators: functions, database {"metadata":{"emulator":{"name":"hub"},"message":"Starting emulators: functions, database"}}
[debug] [2020-07-18T17:41:11.968Z] [hub] writing locator at /var/folders/v8/04v139zj0w76vzz4yh7kcqt40000gn/T/hub-dealers-choice-6446f.json
[debug] [2020-07-18T17:41:11.984Z] defaultcredentials: writing to file /Users/Ryan/.config/firebase/driscollrp_gmail_com_application_default_credentials.json
[debug] [2020-07-18T17:41:11.985Z] Setting GAC to /Users/Ryan/.config/firebase/driscollrp_gmail_com_application_default_credentials.json {"metadata":{"emulator":{"name":"functions"},"message":"Setting GAC to /Users/Ryan/.config/firebase/driscollrp_gmail_com_application_default_credentials.json"}}
[warn] ⚠  functions: The following emulators are not running, calls to these services from the Functions emulator will affect production: firestore, hosting, pubsub {"metadata":{"emulator":{"name":"functions"},"message":"The following emulators are not running, calls to these services from the Functions emulator will affect production: \u001b[1mfirestore, hosting, pubsub\u001b[22m"}}
[info] ✔  functions: Using node@10 from host. {"metadata":{"emulator":{"name":"functions"},"message":"Using node@10 from host."}}
[debug] [2020-07-18T17:41:11.996Z] database rules config:  [{"rules":"database.rules.json","instance":"dealers-choice-6446f"}]
[debug] [2020-07-18T17:41:12.001Z] Ignoring unsupported arg: projectId {"metadata":{"emulator":{"name":"database"},"message":"Ignoring unsupported arg: projectId"}}
[debug] [2020-07-18T17:41:12.001Z] Ignoring unsupported arg: auto_download {"metadata":{"emulator":{"name":"database"},"message":"Ignoring unsupported arg: auto_download"}}
[debug] [2020-07-18T17:41:12.001Z] Ignoring unsupported arg: rules {"metadata":{"emulator":{"name":"database"},"message":"Ignoring unsupported arg: rules"}}
[debug] [2020-07-18T17:41:12.001Z] Starting Database Emulator with command {"binary":"java","args":["-Duser.language=en","-jar","/Users/Ryan/.cache/firebase/emulators/firebase-database-emulator-v4.5.0.jar","--host","localhost","--port",9000,"--functions_emulator_host","localhost","--functions_emulator_port",5001],"optionalArgs":["port","host","functions_emulator_port","functions_emulator_host"],"joinArgs":false} {"metadata":{"emulator":{"name":"database"},"message":"Starting Database Emulator with command {\"binary\":\"java\",\"args\":[\"-Duser.language=en\",\"-jar\",\"/Users/Ryan/.cache/firebase/emulators/firebase-database-emulator-v4.5.0.jar\",\"--host\",\"localhost\",\"--port\",9000,\"--functions_emulator_host\",\"localhost\",\"--functions_emulator_port\",5001],\"optionalArgs\":[\"port\",\"host\",\"functions_emulator_port\",\"functions_emulator_host\"],\"joinArgs\":false}"}}
[info] i  database: Database Emulator logging to database-debug.log {"metadata":{"emulator":{"name":"database"},"message":"Database Emulator logging to \u001b[1mdatabase-debug.log\u001b[22m"}}
[debug] [2020-07-18T17:41:13.591Z] 11:41:13.589 [NamespaceSystem-akka.actor.default-dispatcher-5] INFO akka.event.slf4j.Slf4jLogger - Slf4jLogger started
 {"metadata":{"emulator":{"name":"database"},"message":"11:41:13.589 [NamespaceSystem-akka.actor.default-dispatcher-5] INFO akka.event.slf4j.Slf4jLogger - Slf4jLogger started\n"}}
[debug] [2020-07-18T17:41:13.757Z] 11:41:13.757 [main] INFO com.firebase.server.forge.App$ - Listening at localhost:9000
 {"metadata":{"emulator":{"name":"database"},"message":"11:41:13.757 [main] INFO com.firebase.server.forge.App$ - Listening at localhost:9000\n"}}
[debug] [2020-07-18T17:41:14.045Z] Ignoring unsupported arg: auto_download {"metadata":{"emulator":{"name":"ui"},"message":"Ignoring unsupported arg: auto_download"}}
[debug] [2020-07-18T17:41:14.045Z] Ignoring unsupported arg: port {"metadata":{"emulator":{"name":"ui"},"message":"Ignoring unsupported arg: port"}}
[debug] [2020-07-18T17:41:14.045Z] Starting Emulator UI with command {"binary":"node","args":["/Users/Ryan/.cache/firebase/emulators/ui-v1.1.0/server.bundle.js"],"optionalArgs":[],"joinArgs":false} {"metadata":{"emulator":{"name":"ui"},"message":"Starting Emulator UI with command {\"binary\":\"node\",\"args\":[\"/Users/Ryan/.cache/firebase/emulators/ui-v1.1.0/server.bundle.js\"],\"optionalArgs\":[],\"joinArgs\":false}"}}
[info] i  ui: Emulator UI logging to ui-debug.log {"metadata":{"emulator":{"name":"ui"},"message":"Emulator UI logging to \u001b[1mui-debug.log\u001b[22m"}}
[debug] [2020-07-18T17:41:14.218Z] Web / API server started at http://localhost:4000
 {"metadata":{"emulator":{"name":"ui"},"message":"Web / API server started at http://localhost:4000\n"}}
[info] i  functions: Watching "/Users/Ryan/Projects/dealers-choice/functions" for Cloud Functions... {"metadata":{"emulator":{"name":"functions"},"message":"Watching \"/Users/Ryan/Projects/dealers-choice/functions\" for Cloud Functions..."}}
[debug] [2020-07-18T17:41:14.311Z] [worker-pool] addWorker(~diagnostic~) {"metadata":{"emulator":{"name":"functions"},"message":"[worker-pool] addWorker(~diagnostic~)"}}
[debug] [2020-07-18T17:41:14.311Z] [worker-pool] Adding worker with key ~diagnostic~, total=1 {"metadata":{"emulator":{"name":"functions"},"message":"[worker-pool] Adding worker with key ~diagnostic~, total=1"}}
[debug] [2020-07-18T17:41:14.312Z] [worker-pool] submitWork(triggerId=) {"metadata":{"emulator":{"name":"functions"},"message":"[worker-pool] submitWork(triggerId=)"}}
[debug] [2020-07-18T17:41:14.312Z] [worker-~diagnostic~-a553be3f-dc48-4a9e-9935-ce82ef3a03b2]: Assigning socketPath: /var/folders/v8/04v139zj0w76vzz4yh7kcqt40000gn/T/fire_emu_48762.sock {"metadata":{"emulator":{"name":"functions"},"message":"[worker-~diagnostic~-a553be3f-dc48-4a9e-9935-ce82ef3a03b2]: Assigning socketPath: /var/folders/v8/04v139zj0w76vzz4yh7kcqt40000gn/T/fire_emu_48762.sock"}}
[debug] [2020-07-18T17:41:14.312Z] [worker-~diagnostic~-a553be3f-dc48-4a9e-9935-ce82ef3a03b2]: BUSY {"metadata":{"emulator":{"name":"functions"},"message":"[worker-~diagnostic~-a553be3f-dc48-4a9e-9935-ce82ef3a03b2]: BUSY"}}
[debug] [2020-07-18T17:41:14.694Z] [runtime-status] [48762] Functions runtime initialized. {"cwd":"/Users/Ryan/Projects/dealers-choice/functions","node_version":"10.21.0"} {"metadata":{"emulator":{"name":"functions"},"message":"[runtime-status] [48762] Functions runtime initialized. {\"cwd\":\"/Users/Ryan/Projects/dealers-choice/functions\",\"node_version\":\"10.21.0\"}"}}
[debug] [2020-07-18T17:41:14.696Z] [runtime-status] [48762] Disabled runtime features: undefined {"metadata":{"emulator":{"name":"functions"},"message":"[runtime-status] [48762] Disabled runtime features: undefined"}}
[debug] [2020-07-18T17:41:14.700Z] [runtime-status] [48762] Resolved module firebase-admin {"declared":true,"installed":true,"version":"8.12.1","resolution":"/Users/Ryan/Projects/dealers-choice/functions/node_modules/firebase-admin/lib/index.js"} {"metadata":{"emulator":{"name":"functions"},"message":"[runtime-status] [48762] Resolved module firebase-admin {\"declared\":true,\"installed\":true,\"version\":\"8.12.1\",\"resolution\":\"/Users/Ryan/Projects/dealers-choice/functions/node_modules/firebase-admin/lib/index.js\"}"}}
[debug] [2020-07-18T17:41:14.702Z] [runtime-status] [48762] Resolved module firebase-functions {"declared":true,"installed":true,"version":"3.7.0","resolution":"/Users/Ryan/Projects/dealers-choice/functions/node_modules/firebase-functions/lib/index.js"} {"metadata":{"emulator":{"name":"functions"},"message":"[runtime-status] [48762] Resolved module firebase-functions {\"declared\":true,\"installed\":true,\"version\":\"3.7.0\",\"resolution\":\"/Users/Ryan/Projects/dealers-choice/functions/node_modules/firebase-functions/lib/index.js\"}"}}
[debug] [2020-07-18T17:41:14.706Z] [runtime-status] [48762] Outgoing network have been stubbed. [{"name":"http","status":"mocked"},{"name":"http","status":"mocked"},{"name":"https","status":"mocked"},{"name":"https","status":"mocked"},{"name":"net","status":"mocked"}] {"metadata":{"emulator":{"name":"functions"},"message":"[runtime-status] [48762] Outgoing network have been stubbed. [{\"name\":\"http\",\"status\":\"mocked\"},{\"name\":\"http\",\"status\":\"mocked\"},{\"name\":\"https\",\"status\":\"mocked\"},{\"name\":\"https\",\"status\":\"mocked\"},{\"name\":\"net\",\"status\":\"mocked\"}]"}}
[debug] [2020-07-18T17:41:14.706Z] [runtime-status] [48762] Resolved module firebase-functions {"declared":true,"installed":true,"version":"3.7.0","resolution":"/Users/Ryan/Projects/dealers-choice/functions/node_modules/firebase-functions/lib/index.js"} {"metadata":{"emulator":{"name":"functions"},"message":"[runtime-status] [48762] Resolved module firebase-functions {\"declared\":true,\"installed\":true,\"version\":\"3.7.0\",\"resolution\":\"/Users/Ryan/Projects/dealers-choice/functions/node_modules/firebase-functions/lib/index.js\"}"}}
[debug] [2020-07-18T17:41:14.763Z] [runtime-status] [48762] Checked functions.config() {"config":{}} {"metadata":{"emulator":{"name":"functions"},"message":"[runtime-status] [48762] Checked functions.config() {\"config\":{}}"}}
[debug] [2020-07-18T17:41:14.763Z] [runtime-status] [48762] firebase-functions has been stubbed. {"functionsResolution":{"declared":true,"installed":true,"version":"3.7.0","resolution":"/Users/Ryan/Projects/dealers-choice/functions/node_modules/firebase-functions/lib/index.js"}} {"metadata":{"emulator":{"name":"functions"},"message":"[runtime-status] [48762] firebase-functions has been stubbed. {\"functionsResolution\":{\"declared\":true,\"installed\":true,\"version\":\"3.7.0\",\"resolution\":\"/Users/Ryan/Projects/dealers-choice/functions/node_modules/firebase-functions/lib/index.js\"}}"}}
[debug] [2020-07-18T17:41:14.763Z] [runtime-status] [48762] Resolved module firebase-functions {"declared":true,"installed":true,"version":"3.7.0","resolution":"/Users/Ryan/Projects/dealers-choice/functions/node_modules/firebase-functions/lib/index.js"} {"metadata":{"emulator":{"name":"functions"},"message":"[runtime-status] [48762] Resolved module firebase-functions {\"declared\":true,\"installed\":true,\"version\":\"3.7.0\",\"resolution\":\"/Users/Ryan/Projects/dealers-choice/functions/node_modules/firebase-functions/lib/index.js\"}"}}
[debug] [2020-07-18T17:41:14.764Z] [runtime-status] [48762] Resolved module firebase-admin {"declared":true,"installed":true,"version":"8.12.1","resolution":"/Users/Ryan/Projects/dealers-choice/functions/node_modules/firebase-admin/lib/index.js"} {"metadata":{"emulator":{"name":"functions"},"message":"[runtime-status] [48762] Resolved module firebase-admin {\"declared\":true,\"installed\":true,\"version\":\"8.12.1\",\"resolution\":\"/Users/Ryan/Projects/dealers-choice/functions/node_modules/firebase-admin/lib/index.js\"}"}}
[debug] [2020-07-18T17:41:14.764Z] [runtime-status] [48762] Resolved module firebase-functions {"declared":true,"installed":true,"version":"3.7.0","resolution":"/Users/Ryan/Projects/dealers-choice/functions/node_modules/firebase-functions/lib/index.js"} {"metadata":{"emulator":{"name":"functions"},"message":"[runtime-status] [48762] Resolved module firebase-functions {\"declared\":true,\"installed\":true,\"version\":\"3.7.0\",\"resolution\":\"/Users/Ryan/Projects/dealers-choice/functions/node_modules/firebase-functions/lib/index.js\"}"}}
[debug] [2020-07-18T17:41:14.765Z] [runtime-status] [48762] firebase-admin has been stubbed. {"adminResolution":{"declared":true,"installed":true,"version":"8.12.1","resolution":"/Users/Ryan/Projects/dealers-choice/functions/node_modules/firebase-admin/lib/index.js"}} {"metadata":{"emulator":{"name":"functions"},"message":"[runtime-status] [48762] firebase-admin has been stubbed. {\"adminResolution\":{\"declared\":true,\"installed\":true,\"version\":\"8.12.1\",\"resolution\":\"/Users/Ryan/Projects/dealers-choice/functions/node_modules/firebase-admin/lib/index.js\"}}"}}
[debug] [2020-07-18T17:41:14.768Z] [runtime-status] [48762] initializeApp(DEFAULT) {"databaseURL":"https://dealers-choice-6446f.firebaseio.com","storageBucket":"dealers-choice-6446f.appspot.com","projectId":"dealers-choice-6446f"} {"metadata":{"emulator":{"name":"functions"},"message":"[runtime-status] [48762] initializeApp(DEFAULT) {\"databaseURL\":\"https://dealers-choice-6446f.firebaseio.com\",\"storageBucket\":\"dealers-choice-6446f.appspot.com\",\"projectId\":\"dealers-choice-6446f\"}"}}
[debug] [2020-07-18T17:41:14.772Z] addDatabaseTrigger "{\"name\":\"projects/dealers-choice-6446f/locations/_/functions/onCreateGame\",\"path\":\"/games/{gameId}\",\"event\":\"providers/google.firebase.database/eventTypes/ref.create\",\"topic\":\"projects/dealers-choice-6446f/topics/onCreateGame\"}"
[debug] [2020-07-18T17:41:14.773Z] >>> HTTP REQUEST POST http://localhost:9000/.settings/functionTriggers.json?ns=dealers-choice-6446f  
 {"name":"projects/dealers-choice-6446f/locations/_/functions/onCreateGame","path":"/games/{gameId}","event":"providers/google.firebase.database/eventTypes/ref.create","topic":"projects/dealers-choice-6446f/topics/onCreateGame"}
[debug] [2020-07-18T17:41:14.775Z] [worker-~diagnostic~-a553be3f-dc48-4a9e-9935-ce82ef3a03b2]: IDLE {"metadata":{"emulator":{"name":"functions"},"message":"[worker-~diagnostic~-a553be3f-dc48-4a9e-9935-ce82ef3a03b2]: IDLE"}}
[debug] [2020-07-18T17:41:15.244Z] <<< HTTP RESPONSE 200 {"content-length":"15","content-type":"application/json; charset=utf-8","access-control-allow-origin":"*","cache-control":"no-cache","x-firebase-project-id":"dealers-choice-6446f","x-firebase-project-number":"123456789","x-firebase-uuid":"9e5af9f3-1e24-499d-aa46-60efbb2dc792"}
[debug] [2020-07-18T17:41:15.245Z] addDatabaseTrigger "{\"name\":\"projects/dealers-choice-6446f/locations/_/functions/onEmptyPile\",\"path\":\"/pileCards/{gameId}/{pileId}\",\"event\":\"providers/google.firebase.database/eventTypes/ref.delete\",\"topic\":\"projects/dealers-choice-6446f/topics/onEmptyPile\"}"
[debug] [2020-07-18T17:41:15.245Z] >>> HTTP REQUEST POST http://localhost:9000/.settings/functionTriggers.json?ns=dealers-choice-6446f  
 {"name":"projects/dealers-choice-6446f/locations/_/functions/onEmptyPile","path":"/pileCards/{gameId}/{pileId}","event":"providers/google.firebase.database/eventTypes/ref.delete","topic":"projects/dealers-choice-6446f/topics/onEmptyPile"}
[debug] [2020-07-18T17:41:15.253Z] <<< HTTP RESPONSE 200 {"content-length":"15","content-type":"application/json; charset=utf-8","access-control-allow-origin":"*","cache-control":"no-cache","x-firebase-project-id":"dealers-choice-6446f","x-firebase-project-number":"123456789","x-firebase-uuid":"9e5af9f3-1e24-499d-aa46-60efbb2dc792"}
[info] ✔  functions[createGame]: http function initialized (http://localhost:5001/dealers-choice-6446f/us-central1/createGame). {"metadata":{"emulator":{"name":"functions"},"message":"\u001b[1mhttp\u001b[22m function initialized (http://localhost:5001/dealers-choice-6446f/us-central1/createGame)."}}
[info] ✔  functions[joinGame]: http function initialized (http://localhost:5001/dealers-choice-6446f/us-central1/joinGame). {"metadata":{"emulator":{"name":"functions"},"message":"\u001b[1mhttp\u001b[22m function initialized (http://localhost:5001/dealers-choice-6446f/us-central1/joinGame)."}}
[info] ✔  functions[dealCards]: http function initialized (http://localhost:5001/dealers-choice-6446f/us-central1/dealCards). {"metadata":{"emulator":{"name":"functions"},"message":"\u001b[1mhttp\u001b[22m function initialized (http://localhost:5001/dealers-choice-6446f/us-central1/dealCards)."}}
[info] ✔  functions[updateCards]: http function initialized (http://localhost:5001/dealers-choice-6446f/us-central1/updateCards). {"metadata":{"emulator":{"name":"functions"},"message":"\u001b[1mhttp\u001b[22m function initialized (http://localhost:5001/dealers-choice-6446f/us-central1/updateCards)."}}
[info] ✔  functions[changeDealer]: http function initialized (http://localhost:5001/dealers-choice-6446f/us-central1/changeDealer). {"metadata":{"emulator":{"name":"functions"},"message":"\u001b[1mhttp\u001b[22m function initialized (http://localhost:5001/dealers-choice-6446f/us-central1/changeDealer)."}}
[info] ✔  functions[shuffleDeck]: http function initialized (http://localhost:5001/dealers-choice-6446f/us-central1/shuffleDeck). {"metadata":{"emulator":{"name":"functions"},"message":"\u001b[1mhttp\u001b[22m function initialized (http://localhost:5001/dealers-choice-6446f/us-central1/shuffleDeck)."}}
[info] ✔  functions[clearPlayedCards]: http function initialized (http://localhost:5001/dealers-choice-6446f/us-central1/clearPlayedCards). {"metadata":{"emulator":{"name":"functions"},"message":"\u001b[1mhttp\u001b[22m function initialized (http://localhost:5001/dealers-choice-6446f/us-central1/clearPlayedCards)."}}
[info] ✔  functions[onCreateGame]: database function initialized. {"metadata":{"emulator":{"name":"functions"},"message":"\u001b[1mdatabase\u001b[22m function initialized."}}
[info] ✔  functions[onEmptyPile]: database function initialized. {"metadata":{"emulator":{"name":"functions"},"message":"\u001b[1mdatabase\u001b[22m function initialized."}}
[info] 
┌───────────────────────────────────────────────────────────────────────┐
│ ✔  All emulators ready! View status and logs at http://localhost:4000 │
└───────────────────────────────────────────────────────────────────────┘

┌───────────┬────────────────┬─────────────────────────────────┐
│ Emulator  │ Host:Port      │ View in Emulator UI             │
├───────────┼────────────────┼─────────────────────────────────┤
│ Functions │ localhost:5001 │ http://localhost:4000/functions │
├───────────┼────────────────┼─────────────────────────────────┤
│ Database  │ localhost:9000 │ http://localhost:4000/database  │
└───────────┴────────────────┴─────────────────────────────────┘
  Other reserved ports: 4400, 4500

Issues? Report them at https://github.com/firebase/firebase-tools/issues and attach the *-debug.log files.
 
